 2025-06-25 18:42:13,291 - conftest - INFO - Starting test: test_go_single_mode
 2025-06-25 18:42:23,309 - conftest - INFO - fixture 'enter_dev_lobby_without_popups' is running
 2025-06-25 18:42:31,310 - buttons - DEBUG - Tapping at coordinates: (x=1349, y=1039)
 2025-06-25 18:42:31,723 - buttons - DEBUG - Tap successful
 2025-06-25 18:42:32,724 - buttons - DEBUG - Tapping at coordinates: (x=705, y=69)
 2025-06-25 18:42:33,137 - buttons - DEBUG - Tap successful
 2025-06-25 18:42:34,138 - buttons - DEBUG - Tapping at coordinates: (x=219, y=306)
 2025-06-25 18:42:34,531 - buttons - DEBUG - Tap successful
 2025-06-25 18:42:35,533 - buttons - DEBUG - Tapping at coordinates: (x=955, y=318)
 2025-06-25 18:42:35,956 - buttons - DEBUG - Tap successful
 2025-06-25 18:42:36,958 - buttons - DEBUG - Tapping at coordinates: (x=955, y=755)
 2025-06-25 18:42:37,366 - buttons - DEBUG - Tap successful
 2025-06-25 18:42:38,367 - buttons - DEBUG - Tapping at coordinates: (x=1698, y=755)
 2025-06-25 18:42:38,781 - buttons - DEBUG - Tap successful
 2025-06-25 18:42:39,782 - buttons - DEBUG - Tapping at coordinates: (x=206, y=1043)
 2025-06-25 18:42:40,189 - buttons - DEBUG - Tap successful
 2025-06-25 18:42:41,190 - buttons - DEBUG - Tapping at coordinates: (x=2366, y=81)
 2025-06-25 18:42:41,600 - buttons - DEBUG - Tap successful
 2025-06-25 18:42:42,601 - buttons - DEBUG - Tapping at coordinates: (x=431, y=755)
 2025-06-25 18:42:43,013 - buttons - DEBUG - Tap successful
 2025-06-25 18:42:44,014 - buttons - DEBUG - Tapping at coordinates: (x=2541, y=169)
 2025-06-25 18:42:44,439 - buttons - DEBUG - Tap successful
 2025-06-25 18:42:46,439 - buttons - DEBUG - Tapping at coordinates: (x=1342, y=855)
 2025-06-25 18:42:46,844 - buttons - DEBUG - Tap successful
 2025-06-25 18:42:48,846 - buttons - DEBUG - Tapping at coordinates: (x=780, y=880)
 2025-06-25 18:42:49,252 - buttons - DEBUG - Tap successful
 2025-06-25 18:43:14,253 - conftest - INFO - fixture 'enter_dev_lobby_without_popups' executed successfully
 2025-06-25 18:43:14,253 - buttons - DEBUG - Tapping at coordinates: (x=2404, y=965)
 2025-06-25 18:43:14,673 - buttons - DEBUG - Tap successful
 2025-06-25 18:43:16,674 - buttons - DEBUG - Tapping at coordinates: (x=724, y=624)
 2025-06-25 18:43:17,082 - buttons - DEBUG - Tap successful
 2025-06-25 18:43:37,084 - basic - INFO - Checking screen match for template: C:\Work\madout2tests\templates\test_login\test_go_single_mode\single_mode_house.png with threshold: 0.5
 2025-06-25 18:43:39,660 - basic - INFO - Screen matched successfully. Match value: 0.58 (threshold: 0.5)
 2025-06-25 18:43:40,125 - conftest - INFO - Finished test: test_go_single_mode
